<?xml version="1.0" encoding="UTF-8"?>
<!-- Generated by org.testng.reporters.JUnitXMLReporter -->
<testsuite ignored="0" hostname="DESKTOP-JHFB47I" failures="0" tests="3" name="Default test" time="0.078" errors="0" timestamp="2021-03-28T23:08:37 BDT">
  <testcase classname="com.TestNG.TestNGDemo2" name="demo3" time="0.012"/>
  <testcase classname="com.TestNG.TestNGDemo2" name="demo4" time="0.003"/>
  <testcase classname="com.TestNG.TestNGDemo2" name="Demo2" time="0.002"/>
</testsuite> <!-- Default test -->
