<?xml version="1.0" encoding="UTF-8"?>
<!-- Generated by org.testng.reporters.JUnitXMLReporter -->
<testsuite ignored="0" hostname="DESKTOP-JHFB47I" failures="0" tests="6" name="Demo Test" time="0.099" errors="0" timestamp="2021-03-28T23:08:48 BDT">
  <testcase classname="com.TestNG.TestNGDemo" name="demo1" time="0.008"/>
  <testcase classname="com.TestNG.TestNGDemo" name="Demo1" time="0.002"/>
  <testcase classname="com.TestNG.TestNGDemo" name="demo2" time="0.003"/>
  <testcase classname="com.TestNG.TestNGDemo2" name="demo3" time="0.002"/>
  <testcase classname="com.TestNG.TestNGDemo2" name="demo4" time="0.002"/>
  <testcase classname="com.TestNG.TestNGDemo2" name="Demo2" time="0.003"/>
</testsuite> <!-- Demo Test -->
